CRITICAL - 2026-05-22 11:48:57 --> CodeIgniter\View\Exceptions\ViewException: Invalid file: "user/tickets/create.php"
[Method: GET, Route: user/tickets/create]
in SYSTEMPATH\Exceptions\FrameworkException.php on line 39.
 1 SYSTEMPATH\View\View.php(228): CodeIgniter\Exceptions\FrameworkException::forInvalidFile()
 2 SYSTEMPATH\Common.php(1250): CodeIgniter\View\View->render()
 3 APPPATH\Controllers\User\TicketController.php(54): view()
 4 SYSTEMPATH\CodeIgniter.php(951): App\Controllers\User\TicketController->create()
 5 SYSTEMPATH\CodeIgniter.php(497): CodeIgniter\CodeIgniter->runController()
 6 SYSTEMPATH\CodeIgniter.php(340): CodeIgniter\CodeIgniter->handleRequest()
 7 SYSTEMPATH\Boot.php(417): CodeIgniter\CodeIgniter->run()
 8 SYSTEMPATH\Boot.php(68): CodeIgniter\Boot::runCodeIgniter()
 9 FCPATH\index.php(59): CodeIgniter\Boot::bootWeb()
10 SYSTEMPATH\rewrite.php(44): require_once('D:\\Laravel\\ticktrack\\tictrack-codeigniter\\public\\index.php')
CRITICAL - 2026-05-22 11:53:02 --> CodeIgniter\View\Exceptions\ViewException: Invalid file: "user/tickets/create.php"
[Method: GET, Route: user/tickets/create]
in SYSTEMPATH\Exceptions\FrameworkException.php on line 39.
 1 SYSTEMPATH\View\View.php(228): CodeIgniter\Exceptions\FrameworkException::forInvalidFile()
 2 SYSTEMPATH\Common.php(1250): CodeIgniter\View\View->render()
 3 APPPATH\Controllers\User\TicketController.php(54): view()
 4 SYSTEMPATH\CodeIgniter.php(951): App\Controllers\User\TicketController->create()
 5 SYSTEMPATH\CodeIgniter.php(497): CodeIgniter\CodeIgniter->runController()
 6 SYSTEMPATH\CodeIgniter.php(340): CodeIgniter\CodeIgniter->handleRequest()
 7 SYSTEMPATH\Boot.php(417): CodeIgniter\CodeIgniter->run()
 8 SYSTEMPATH\Boot.php(68): CodeIgniter\Boot::runCodeIgniter()
 9 FCPATH\index.php(59): CodeIgniter\Boot::bootWeb()
10 SYSTEMPATH\rewrite.php(44): require_once('D:\\Laravel\\ticktrack\\tictrack-codeigniter\\public\\index.php')
